<?xml version="1.0" encoding="UTF-8"?>
<!-- Generated by org.testng.reporters.JUnitReportReporter -->
<testsuite name="com.test.subreddit.Subreddit_Test" tests="3" time="15.545" ignored="0" failures="0" timestamp="01 Mar 2018 16:53:33 GMT" skipped="0" hostname="prashant-VAIO" errors="0">
  <testcase name="votePost" time="0.181" classname="com.test.subreddit.Subreddit_Test"/>
  <testcase name="SearchSubreddit" time="10.922" classname="com.test.subreddit.Subreddit_Test"/>
  <testcase name="login" time="4.442" classname="com.test.subreddit.Subreddit_Test"/>
</testsuite> <!-- com.test.subreddit.Subreddit_Test -->
